{"C:\\Users\\Pichau\\Desktop\\projetos\\fullstack\\semana3\\exercicios-modulos-testes\\juros.js": {"path":"C:\\Users\\Pichau\\Desktop\\projetos\\fullstack\\semana3\\exercicios-modulos-testes\\juros.js","statementMap":{"0":{"start":{"line":7,"column":21},"end":{"line":10,"column":1}},"1":{"start":{"line":8,"column":18},"end":{"line":8,"column":27}},"2":{"start":{"line":9,"column":4},"end":{"line":9,"column":39}},"3":{"start":{"line":18,"column":29},"end":{"line":22,"column":1}},"4":{"start":{"line":18,"column":51},"end":{"line":22,"column":1}},"5":{"start":{"line":19,"column":18},"end":{"line":19,"column":39}},"6":{"start":{"line":20,"column":18},"end":{"line":20,"column":27}},"7":{"start":{"line":21,"column":4},"end":{"line":21,"column":39}},"8":{"start":{"line":31,"column":31},"end":{"line":34,"column":1}},"9":{"start":{"line":32,"column":18},"end":{"line":32,"column":42}},"10":{"start":{"line":33,"column":4},"end":{"line":33,"column":39}},"11":{"start":{"line":36,"column":23},"end":{"line":40,"column":1}},"12":{"start":{"line":36,"column":55},"end":{"line":40,"column":1}},"13":{"start":{"line":37,"column":21},"end":{"line":37,"column":52}},"14":{"start":{"line":38,"column":18},"end":{"line":38,"column":30}},"15":{"start":{"line":39,"column":4},"end":{"line":39,"column":39}},"16":{"start":{"line":45,"column":0},"end":{"line":51,"column":1}}},"fnMap":{"0":{"name":"(anonymous_0)","decl":{"start":{"line":7,"column":21},"end":{"line":7,"column":22}},"loc":{"start":{"line":7,"column":34},"end":{"line":10,"column":1}},"line":7},"1":{"name":"(anonymous_1)","decl":{"start":{"line":18,"column":29},"end":{"line":18,"column":30}},"loc":{"start":{"line":18,"column":51},"end":{"line":22,"column":1}},"line":18},"2":{"name":"(anonymous_2)","decl":{"start":{"line":18,"column":51},"end":{"line":18,"column":52}},"loc":{"start":{"line":18,"column":64},"end":{"line":22,"column":1}},"line":18},"3":{"name":"(anonymous_3)","decl":{"start":{"line":31,"column":31},"end":{"line":31,"column":32}},"loc":{"start":{"line":31,"column":44},"end":{"line":34,"column":1}},"line":31},"4":{"name":"(anonymous_4)","decl":{"start":{"line":36,"column":23},"end":{"line":36,"column":24}},"loc":{"start":{"line":36,"column":55},"end":{"line":40,"column":1}},"line":36},"5":{"name":"(anonymous_5)","decl":{"start":{"line":36,"column":55},"end":{"line":36,"column":56}},"loc":{"start":{"line":36,"column":68},"end":{"line":40,"column":1}},"line":36}},"branchMap":{},"s":{"0":1,"1":1,"2":1,"3":1,"4":2,"5":1,"6":1,"7":1,"8":1,"9":1,"10":1,"11":1,"12":2,"13":1,"14":1,"15":1,"16":1},"f":{"0":1,"1":2,"2":1,"3":1,"4":2,"5":1},"b":{},"_coverageSchema":"43e27e138ebf9cfc5966b082cf9a028302ed4184","hash":"43d3680c2101fa961fd6d807f1b2718431733bb5"}
}
