TN:
SF:C:\Users\Pichau\Desktop\projetos\fullstack\semana3\exercicios-modulos-testes\juros.js
FN:7,(anonymous_0)
FN:18,(anonymous_1)
FN:18,(anonymous_2)
FN:31,(anonymous_3)
FN:36,(anonymous_4)
FN:36,(anonymous_5)
FNF:6
FNH:6
FNDA:1,(anonymous_0)
FNDA:2,(anonymous_1)
FNDA:1,(anonymous_2)
FNDA:1,(anonymous_3)
FNDA:2,(anonymous_4)
FNDA:1,(anonymous_5)
DA:7,1
DA:8,1
DA:9,1
DA:18,2
DA:19,1
DA:20,1
DA:21,1
DA:31,1
DA:32,1
DA:33,1
DA:36,2
DA:37,1
DA:38,1
DA:39,1
DA:45,1
LF:15
LH:15
BRF:0
BRH:0
end_of_record
